<?xml version="1.0" encoding="UTF-8"?>
<!-- Generated by org.testng.reporters.JUnitReportReporter -->
<testsuite hostname="STS-1982" failures="0" tests="1" name="MobileAutomation.EcomerceTest" time="26.271" errors="0" timestamp="2024-01-02T14:38:30 IST" skipped="0">
  <testcase classname="MobileAutomation.EcomerceTest" name="FillForm" time="26.271"/>
  <system-out/>
</testsuite> <!-- MobileAutomation.EcomerceTest -->
