<?xml version="1.0" encoding="UTF-8"?>
<!-- Generated by org.testng.reporters.JUnitReportReporter -->
<testsuite hostname="STS-1982" failures="0" tests="1" name="MobileAutomation.EcomerceTest3" time="34.767" errors="0" timestamp="2023-11-30T18:03:25 IST" skipped="0">
  <testcase classname="MobileAutomation.EcomerceTest3" name="FillForm" time="34.767"/>
  <system-out/>
</testsuite> <!-- MobileAutomation.EcomerceTest3 -->
