<?xml version="1.0" encoding="UTF-8"?>
<!-- Generated by org.testng.reporters.JUnitReportReporter -->
<testsuite hostname="STS-1982" failures="0" tests="1" name="MobileAutomation.Ecomerce_HybridTest4" time="42.336" errors="0" timestamp="2023-12-01T18:43:59 IST" skipped="0">
  <testcase classname="MobileAutomation.Ecomerce_HybridTest4" name="FillForm" time="42.336"/>
  <system-out/>
</testsuite> <!-- MobileAutomation.Ecomerce_HybridTest4 -->
